IQ-TREE multicore version 2.4.0 for MacOS ARM 64-bit built Mar  8 2025
Developed by Bui Quang Minh, Nguyen Lam Tung, Olga Chernomor, Heiko Schmidt,
Dominik Schrempf, Michael Woodhams, Ly Trong Nhan, Thomas Wong

Host:    Ossians-Laptop.local (SSE4.2, 8 GB RAM)
Command: iqtree -s all_orgs_aligned_hits_post_CDHIT.fasta -m TEST -B 1000 -nt AUTO
Seed:    78766 (Using SPRNG - Scalable Parallel Random Number Generator)
Time:    Fri Apr 11 15:55:32 2025
Kernel:  SSE2 - auto-detect threads (8 CPU cores detected)

Reading alignment file all_orgs_aligned_hits_post_CDHIT.fasta ... Fasta format detected
Reading fasta file: done in 0.00975513 secs using 87.52% CPU
Alignment most likely contains protein sequences
WARNING: 9 sites contain only gaps or ambiguous characters.
Alignment has 813 sequences with 1002 columns, 801 distinct patterns
502 parsimony-informative, 140 singleton sites, 360 constant sites
                      Gap/Ambiguity  Composition  p-value
Analyzing sequences: done in 0.000528812 secs using 234.3% CPU
   1  ENSBBBP00000016135.1   53.29%    passed     84.03%
   2  ENSMUSP00000058242.5   68.36%    passed     69.48%
   3  ENSMUSP00000099694.2   69.06%    passed     95.91%
   4  ENSMUSP00000062460.3   68.16%    passed     90.07%
   5  ENSMUSP00000053309.2   68.26%    passed     57.12%
   6  ENSBBBP00000013932.1   66.67%    passed     94.61%
   7  ENSXETP00000045934.4   68.56%    passed     81.69%
   8  ENSBBBP00000005711.1   66.67%    passed     98.23%
   9  ENSBBBP00000011252.1   67.66%    passed     94.62%
  10  ENSMUSP00000064189.3   68.76%    passed     96.85%
  11  ENSMUSP00000097450.4   68.86%    passed     99.75%
  12  ENSMUSP00000131089.2   68.36%    passed     93.04%
  13  ENSXETP00000104856.1   65.37%    passed     67.00%
  14  ENSBBBP00000011241.1   68.86%    passed     93.26%
  15  ENSBBBP00000005794.1   68.26%    passed     96.88%
  16  ENSGALP00010033504.1   68.56%    passed     33.12%
  17  ENSMUSP00000097441.2   68.76%    passed     93.93%
  18  ENSGALP00010030610.1   67.17%    passed     72.80%
  19  ENSBBBP00000012439.1   64.67%    passed     98.53%
  20  ENSMUSP00000061475.3   68.66%    passed     87.87%
  21  ENSMUSP00000088211.2   68.46%    passed     58.98%
  22  ENSGGOP00000024419.1   67.66%    passed     89.81%
  23  ENSBBBP00000025391.1   68.36%    passed     70.53%
  24  ENSBBBP00000003922.1   68.46%    passed     66.45%
  25  ENSGGOP00000004728.3   68.66%    passed     38.80%
  26  ENSMUSP00000058933.3   68.66%    passed     75.30%
  27  ENSGGOP00000006212.2   68.06%    passed     47.50%
  28  ENSMUSP00000097495.3   67.96%    passed     96.24%
  29  ENSBBBP00000016147.1   68.46%    passed     69.81%
  30  ENSBBBP00000019891.1   68.96%    passed     92.88%
  31  ENSMUSP00000073801.2   68.86%    passed     23.95%
  32  ENSMUSP00000076225.6   68.56%    passed     98.55%
  33  ENSBBBP00000014758.1   68.66%    passed     68.79%
  34  ENSMUSP00000073794.2   68.56%    passed     87.79%
  35  ENSGGOP00000016815.2   67.86%    passed     72.73%
  36  ENSBBBP00000002332.1   69.06%    passed     96.26%
  37  ENSBBBP00000018535.1   66.87%    passed     80.41%
  38  ENSMUSP00000071372.2   68.56%    passed     98.25%
  39  ENSBBBP00000002482.1   68.96%    passed     74.89%
  40  ENSBBBP00000021751.1   68.36%    passed     92.91%
  41  ENSMUSP00000151652.2   68.36%    passed     70.29%
  42  ENSMUSP00000151386.2   68.36%    passed     89.97%
  43  ENSMUSP00000062692.4   69.26%    passed     80.70%
  44  ENSMUSP00000076039.4   67.96%    passed     62.07%
  45  ENSBBBP00000010108.1   68.86%    passed     92.89%
  46  ENSBBBP00000026855.1   68.36%    passed     98.08%
  47  ENSMUSP00000154269.2   67.17%    passed     94.97%
  48  ENSMUSP00000090596.2   67.56%    passed     77.10%
  49  ENSMUSP00000080666.2   67.56%    passed     56.69%
  50  ENSMUSP00000151664.2   66.87%    passed     99.56%
  51  ENSBBBP00000010114.1   68.86%    passed     74.45%
  52  ENSBBBP00000001403.1   68.66%    passed     64.71%
  53  ENSXETP00000107098.1   68.76%    passed     74.99%
  54  ENSMUSP00000100846.2   67.07%    passed     65.80%
  55  ENSMUSP00000059970.3   68.66%    passed     99.69%
  56  ENSBBBP00000015858.1   65.27%    passed     48.85%
  57  ENSBBBP00000007912.1   68.76%    passed     67.13%
  58  ENSBBBP00000002507.1   68.96%    passed     97.08%
  59  ENSXETP00000097809.1   66.67%    passed     74.36%
  60  ENSBBBP00000005549.1   68.76%    passed     90.18%
  61  ENSMUSP00000054798.2   68.56%    passed     73.26%
  62  ENSBBBP00000015886.1   67.66%    passed     68.09%
  63  ENSXETP00000111955.1   58.68%    passed     72.34%
  64  ENSMUSP00000053405.2   68.46%    passed     21.56%
  65  ENSMUSP00000128078.2   68.06%    passed     82.01%
  66  ENSGALP00010034390.1   68.86%    passed     98.88%
  67  ENSBBBP00000015270.1   66.37%    passed     97.33%
  68  ENSMUSP00000059256.3   66.47%    passed     65.29%
  69  ENSMUSP00000097504.2   68.26%    passed     91.18%
  70  ENSBBBP00000002268.1   68.26%    passed     70.33%
  71  ENSMUSP00000092517.4   67.96%    passed     69.23%
  72  ENSBBBP00000024247.1   65.77%    passed     95.78%
  73  ENSMUSP00000061963.5   68.26%    passed     76.80%
  74  ENSGGOP00000004072.1   63.87%    passed     87.88%
  75  ENSMUSP00000127348.2   68.76%    passed     22.29%
  76  ENSMUSP00000058119.2   68.56%    passed     98.50%
  77  ENSMUSP00000070758.2   68.56%    passed     42.27%
  78  ENSGGOP00000016595.3   67.07%    passed     58.35%
  79  ENSMUSP00000097494.2   68.16%    passed     96.59%
  80  ENSGGOP00000045387.1   67.07%    passed     65.89%
  81  ENSMUSP00000091405.2   68.96%    passed     58.45%
  82  ENSMUSP00000054082.5   67.37%    passed      7.21%
  83  ENSBBBP00000023019.1   68.46%    passed     39.96%
  84  ENSMUSP00000083023.3   67.56%    passed     99.38%
  85  ENSMUSP00000050503.2   66.77%    passed     60.37%
  86  ENSBBBP00000002526.1   68.76%    passed     71.53%
  87  ENSMUSP00000079959.2   69.06%    passed     21.33%
  88  ENSXETP00000085918.2   68.66%    passed     53.34%
  89  ENSMUSP00000050544.5   68.56%    passed     87.11%
  90  ENSMUSP00000080647.3   67.47%    passed     86.22%
  91  ENSMUSP00000097508.3   68.56%    passed     28.99%
  92  ENSBBBP00000012247.1   69.16%    passed     63.94%
  93  ENSBBBP00000002397.1   68.76%    passed     95.38%
  94  ENSMUSP00000053262.4   69.56%    passed     97.06%
  95  ENSMUSP00000058929.6   68.86%    passed     19.09%
  96  ENSBBBP00000003463.1   68.56%    passed     96.69%
  97  ENSGGOP00000010246.2   67.66%    passed     64.50%
  98  ENSMUSP00000151506.2   67.27%    passed     64.71%
  99  ENSGGOP00000009992.3   67.37%    passed     97.49%
 100  ENSGGOP00000045500.1   65.37%    passed     83.38%
 101  ENSGGOP00000001150.3   68.36%    passed     27.44%
 102  ENSBBBP00000022534.1   67.07%    passed     84.08%
 103  ENSGGOP00000026276.1   68.06%    passed     88.33%
 104  ENSGGOP00000008634.1   68.86%    passed     97.50%
 105  ENSMUSP00000050142.2   68.36%    passed     17.36%
 106  ENSBBBP00000016744.1   68.36%    passed     97.06%
 107  ENSMUSP00000083206.3   68.56%    passed     67.80%
 108  ENSGGOP00000014823.3   68.86%    passed     95.36%
 109  ENSBBBP00000021077.1   66.67%    passed     90.72%
 110  ENSMUSP00000080027.4   66.77%    passed      9.87%
 111  ENSMUSP00000059886.7   68.86%    passed     64.55%
 112  ENSMUSP00000080399.2   68.26%    passed     52.38%
 113  ENSMUSP00000054494.2   69.06%    passed     35.44%
 114  ENSGGOP00000020183.2   68.66%    passed     70.04%
 115  ENSBBBP00000021783.1   67.66%    passed     99.72%
 116  ENSMUSP00000079720.2   68.86%    passed     63.41%
 117  ENSMUSP00000054533.2   68.46%    passed     92.93%
 118  ENSMUSP00000097427.4   68.16%    passed     62.94%
 119  ENSGGOP00000015825.2   65.57%    passed     71.05%
 120  ENSXETP00000093545.2   67.96%    passed     92.60%
 121  ENSGGOP00000027216.2   64.17%    passed     83.87%
 122  ENSMUSP00000075034.3   67.37%    passed     45.07%
 123  ENSMUSP00000060230.2   68.86%    passed     26.95%
 124  ENSMUSP00000062513.2   68.26%    passed     82.18%
 125  ENSBBBP00000002311.1   69.16%    passed     99.52%
 126  ENSMUSP00000052341.2   68.26%    passed     88.33%
 127  ENSMUSP00000054345.7   68.06%    passed     84.53%
 128  ENSGGOP00000045147.1   65.47%    passed     55.69%
 129  ENSMUSP00000080235.3   68.46%    passed     96.87%
 130  ENSBBBP00000016089.1   67.96%    passed     28.28%
 131  ENSBBBP00000006173.1   66.47%    passed     75.98%
 132  ENSMUSP00000076107.3   69.36%    passed     65.50%
 133  ENSMUSP00000097496.2   67.37%    passed     84.53%
 134  ENSBBBP00000013335.1   67.56%    passed     81.60%
 135  ENSMUSP00000149301.2   68.86%    passed     84.91%
 136  ENSBBBP00000022337.1   68.86%    passed     97.16%
 137  ENSMUSP00000049885.2   69.06%    passed     29.21%
 138  ENSBBBP00000021454.1   68.06%    passed     55.59%
 139  ENSMUSP00000083228.4   68.66%    passed     53.23%
 140  ENSBBBP00000014556.1   68.46%    passed     43.71%
 141  ENSMUSP00000077921.3   68.86%    passed     90.03%
 142  ENSBBBP00000012727.1   69.16%    passed     98.87%
 143  ENSMUSP00000080872.3   68.16%    passed     91.90%
 144  ENSBBBP00000003614.1   68.96%    passed     35.46%
 145  ENSBBBP00000003097.1   68.46%    passed     93.44%
 146  ENSGGOP00000017646.2   66.17%    passed     59.46%
 147  ENSMUSP00000153910.2   68.56%    passed     99.77%
 148  ENSMUSP00000068147.3   67.76%    passed     99.60%
 149  ENSMUSP00000097430.4   67.76%    passed     35.59%
 150  ENSBBBP00000020656.1   68.26%    passed     92.27%
 151  ENSMUSP00000038992.6   69.16%    passed     99.18%
 152  ENSBBBP00000007246.1   68.46%    failed      0.01%
 153  ENSMUSP00000080385.4   69.26%    passed     69.31%
 154  ENSBBBP00000003057.1   69.16%    passed     64.49%
 155  ENSMUSP00000075834.2   67.96%    passed     42.71%
 156  ENSBBBP00000006371.1   68.06%    passed     60.97%
 157  ENSGALP00010035186.1   66.37%    passed     16.11%
 158  ENSMUSP00000148266.2   68.36%    passed     98.39%
 159  ENSGGOP00000024639.1   68.76%    passed     99.73%
 160  ENSBBBP00000008613.1   68.06%    passed     93.77%
 161  ENSMUSP00000055053.3   68.56%    passed     78.29%
 162  ENSBBBP00000007253.1   68.56%    passed     39.82%
 163  ENSMUSP00000086719.2   69.36%    passed     98.87%
 164  ENSBBBP00000005829.1   67.86%    passed     99.76%
 165  ENSGGOP00000005615.3   68.36%    passed     39.63%
 166  ENSMUSP00000130735.2   68.36%    passed     64.13%
 167  ENSBBBP00000027423.1   69.36%    passed     78.00%
 168  ENSMUSP00000071239.3   68.86%    passed     98.06%
 169  ENSGGOP00000006629.3   68.86%    passed     79.78%
 170  ENSBBBP00000022975.1   69.26%    passed     71.42%
 171  ENSBBBP00000010591.1   66.77%    passed     62.27%
 172  ENSBBBP00000015902.1   67.27%    passed     99.17%
 173  ENSBBBP00000017282.1   68.26%    passed     99.67%
 174  ENSGGOP00000001598.3   67.66%    passed     85.33%
 175  ENSGALP00010035221.1   68.86%    passed     75.42%
 176  ENSMUSP00000095743.2   67.66%    passed     87.27%
 177  ENSMUSP00000074665.3   68.36%    passed     76.44%
 178  ENSGGOP00000027965.2   68.66%    passed     74.07%
 179  ENSMUSP00000151219.2   66.57%    passed     57.28%
 180  ENSMUSP00000088209.2   67.56%    passed     99.96%
 181  ENSGGOP00000028661.1   68.26%    passed     96.47%
 182  ENSMUSP00000097491.2   68.66%    passed     60.43%
 183  ENSBBBP00000015171.1   68.96%    passed     10.33%
 184  ENSGGOP00000022060.2   68.96%    passed     79.42%
 185  ENSXETP00000003565.5   67.56%    passed     78.81%
 186  ENSMUSP00000052798.5   67.96%    passed     37.44%
 187  ENSXETP00000066456.1   67.66%    passed     52.07%
 188  ENSMUSP00000073620.2   68.56%    passed     41.32%
 189  ENSMUSP00000152087.2   68.86%    passed     99.57%
 190  ENSMUSP00000057839.2   68.26%    passed     95.27%
 191  ENSBBBP00000016001.1   68.86%    passed     98.60%
 192  ENSMUSP00000057469.3   66.97%    passed     62.97%
 193  ENSBBBP00000004497.1   67.76%    passed     85.05%
 194  ENSMUSP00000057210.2   67.56%    passed     23.49%
 195  ENSBBBP00000018503.1   68.36%    passed     42.79%
 196  ENSMUSP00000149674.3   67.27%    passed     70.50%
 197  ENSMUSP00000146931.3   64.17%    passed     58.17%
 198  ENSMUSP00000071224.4   69.36%    passed     80.26%
 199  ENSBBBP00000011259.1   68.46%    passed     89.21%
 200  ENSXETP00000060765.3   68.76%    passed     91.37%
 201  ENSMUSP00000077966.3   68.76%    passed     95.49%
 202  ENSMUSP00000094931.2   67.07%    passed     66.84%
 203  ENSXETP00000104035.1   68.76%    passed     24.91%
 204  ENSMUSP00000092631.2   68.56%    passed     94.49%
 205  ENSGALP00010043105.1   68.86%    passed     15.84%
 206  ENSMUSP00000146529.2   65.47%    passed     94.37%
 207  ENSBBBP00000020810.1   68.56%    passed     51.13%
 208  ENSGALP00010035198.1   63.27%    failed      0.88%
 209  ENSMUSP00000130615.2   68.36%    passed     94.97%
 210  ENSGALP00010043067.1   69.06%    passed     95.55%
 211  ENSMUSP00000097478.3   68.76%    passed     90.07%
 212  ENSMUSP00000147501.2   67.07%    passed     88.31%
 213  ENSXETP00000062366.2   68.16%    passed     51.01%
 214  ENSGGOP00000036721.1   69.16%    passed     99.49%
 215  ENSGGOP00000011145.3   68.76%    passed     60.46%
 216  ENSBBBP00000028081.1   68.56%    passed     83.16%
 217  ENSMUSP00000059233.6   68.96%    passed     98.24%
 218  ENSBBBP00000011629.1   68.86%    passed     83.84%
 219  ENSMUSP00000053565.6   68.26%    passed     56.41%
 220  ENSMUSP00000050768.2   69.16%    passed     44.82%
 221  ENSBBBP00000006259.1   64.97%    passed     50.28%
 222  ENSGGOP00000000865.3   68.16%    passed     74.45%
 223  ENSXETP00000003630.3   68.86%    passed     62.00%
 224  ENSGGOP00000045060.1   65.57%    passed     88.63%
 225  ENSMUSP00000055721.3   68.16%    passed     90.70%
 226  ENSMUSP00000144951.2   68.56%    passed     45.11%
 227  ENSGALP00010034412.1   70.26%    passed     82.17%
 228  ENSMUSP00000086263.3   68.16%    passed     58.99%
 229  ENSMUSP00000148782.2   68.86%    passed     83.49%
 230  ENSMUSP00000149509.2   68.96%    passed     43.00%
 231  ENSMUSP00000084048.2   68.86%    passed     98.81%
 232  ENSBBBP00000005630.1   68.86%    passed     52.29%
 233  ENSMUSP00000097347.2   69.26%    passed     91.79%
 234  ENSXETP00000007202.5   69.86%    passed     98.55%
 235  ENSMUSP00000091656.3   67.37%    passed     75.80%
 236  ENSMUSP00000133083.3   67.47%    passed     93.10%
 237  ENSMUSP00000057288.6   68.86%    passed     59.47%
 238  ENSMUSP00000060977.4   67.96%    passed     83.27%
 239  ENSBBBP00000026964.1   69.06%    passed     97.65%
 240  ENSMUSP00000052190.3   67.47%    passed     85.32%
 241  ENSXETP00000017582.4   69.16%    passed     96.85%
 242  ENSBBBP00000005828.1   68.26%    passed     29.09%
 243  ENSGALP00010034403.1   68.26%    passed     89.88%
 244  ENSBBBP00000005779.1   66.17%    passed     49.14%
 245  ENSGGOP00000019523.2   66.97%    passed     23.68%
 246  ENSBBBP00000018514.1   68.16%    passed     95.58%
 247  ENSMUSP00000055870.3   68.46%    passed     83.44%
 248  ENSMUSP00000071393.3   68.76%    passed     65.08%
 249  ENSGALP00010032515.1   68.16%    passed     73.61%
 250  ENSMUSP00000072016.2   68.76%    passed     97.59%
 251  ENSMUSP00000056851.4   64.67%    passed     34.14%
 252  ENSBBBP00000011275.1   69.26%    passed     97.42%
 253  ENSMUSP00000089609.3   67.86%    passed     54.78%
 254  ENSTGUP00000006132.2   67.47%    passed     81.58%
 255  ENSBBBP00000009236.1   68.76%    passed     85.37%
 256  ENSBBBP00000010174.1   68.36%    passed     98.86%
 257  ENSGGOP00000018399.1   63.17%    passed     97.29%
 258  ENSXETP00000075270.2   68.06%    passed     12.80%
 259  ENSXETP00000059605.3   63.87%    passed     73.12%
 260  ENSGGOP00000003770.3   67.66%    passed     94.80%
 261  ENSMUSP00000072959.2   69.16%    passed     94.74%
 262  ENSMUSP00000064123.4   68.86%    passed     81.94%
 263  ENSGALP00010032450.1   67.76%    passed     71.38%
 264  ENSBBBP00000003627.1   68.76%    passed     94.41%
 265  ENSMUSP00000052426.5   68.36%    passed     61.20%
 266  ENSBBBP00000003618.1   68.26%    passed     79.74%
 267  ENSMUSP00000052995.3   68.86%    passed     83.61%
 268  ENSXETP00000096225.1   68.36%    passed     84.48%
 269  ENSMUSP00000057902.2   68.16%    passed     94.30%
 270  ENSGGOP00000005068.3   65.57%    passed     56.00%
 271  ENSMUSP00000056508.3   68.96%    passed     91.88%
 272  ENSXETP00000093046.1   69.06%    passed     67.32%
 273  ENSXETP00000032161.5   68.36%    passed     91.52%
 274  ENSMUSP00000048740.4   68.46%    passed     64.09%
 275  ENSMUSP00000077990.3   68.16%    passed     70.76%
 276  ENSBBBP00000013594.1   67.86%    passed     96.54%
 277  ENSMUSP00000071553.2   69.26%    passed     91.38%
 278  ENSMUSP00000154751.2   68.26%    passed     63.86%
 279  ENSMUSP00000097371.2   68.66%    passed     99.64%
 280  ENSBBBP00000013828.1   67.96%    passed     56.08%
 281  ENSGGOP00000005119.2   68.66%    passed     76.20%
 282  ENSBBBP00000013994.1   68.56%    passed     87.48%
 283  ENSMUSP00000093126.3   69.06%    passed      9.87%
 284  ENSGGOP00000007975.2   68.56%    passed     94.12%
 285  ENSBBBP00000008330.1   67.37%    passed     94.07%
 286  ENSBBBP00000007798.1   68.06%    passed     98.93%
 287  ENSMUSP00000054070.3   68.46%    passed     96.67%
 288  ENSMUSP00000084368.2   68.76%    passed     14.12%
 289  ENSMUSP00000075135.6   67.76%    passed     82.08%
 290  ENSGGOP00000008619.2   68.96%    passed     38.81%
 291  ENSGGOP00000003773.2   68.86%    passed     97.76%
 292  ENSMUSP00000064142.2   67.47%    passed     89.97%
 293  ENSMUSP00000072248.3   68.56%    passed     52.23%
 294  ENSMUSP00000051631.2   66.97%    passed     41.67%
 295  ENSBBBP00000027765.1   68.36%    passed     21.74%
 296  ENSMUSP00000056853.5   68.96%    passed     29.97%
 297  ENSXETP00000065897.2   68.86%    passed     41.02%
 298  ENSBBBP00000013597.1   68.06%    passed     98.02%
 299  ENSGGOP00000002983.2   69.16%    passed     84.74%
 300  ENSMUSP00000149203.2   68.46%    passed     99.97%
 301  ENSBBBP00000012623.1   67.47%    passed     62.13%
 302  ENSBBBP00000001607.1   66.37%    passed     83.79%
 303  ENSMUSP00000151711.2   67.27%    passed     36.06%
 304  ENSMUSP00000097724.3   67.07%    passed     70.00%
 305  ENSBBBP00000005801.1   68.56%    passed     88.63%
 306  ENSXETP00000058333.3   67.56%    passed     96.71%
 307  ENSMUSP00000057376.3   68.76%    passed     96.97%
 308  ENSMUSP00000060602.2   69.06%    passed     96.70%
 309  ENSXETP00000109742.1   68.26%    passed     39.01%
 310  ENSXETP00000066064.2   68.36%    passed     71.53%
 311  ENSMUSP00000154161.2   67.86%    passed     99.39%
 312  ENSMUSP00000104450.3   66.97%    passed     13.98%
 313  ENSMUSP00000073320.3   68.36%    passed     42.93%
 314  ENSBBBP00000013342.1   68.56%    passed     72.82%
 315  ENSMUSP00000060748.4   68.46%    passed     74.10%
 316  ENSBBBP00000007020.1   68.86%    passed     96.85%
 317  ENSGALP00010037585.1   66.67%    passed     77.95%
 318  ENSMUSP00000058101.4   67.96%    passed     81.26%
 319  ENSMUSP00000097479.3   65.47%    passed     85.35%
 320  ENSMUSP00000051954.3   68.26%    passed     48.35%
 321  ENSMUSP00000054790.6   68.86%    passed     83.49%
 322  ENSMUSP00000074415.3   68.76%    passed     92.79%
 323  ENSBBBP00000005066.1   63.87%    passed     96.16%
 324  ENSMUSP00000075729.4   67.07%    failed      0.66%
 325  ENSXETP00000001945.5   69.16%    passed     99.23%
 326  ENSXETP00000112325.1   68.06%    passed     72.85%
 327  ENSXETP00000102791.1   69.06%    passed     69.51%
 328  ENSXETP00000101611.2   68.66%    passed     71.67%
 329  ENSMUSP00000097474.2   68.76%    passed     87.40%
 330  ENSBBBP00000025867.1   68.56%    passed     82.70%
 331  ENSMUSP00000071534.2   68.86%    passed     50.21%
 332  ENSBBBP00000018568.1   69.16%    passed     94.18%
 333  ENSBBBP00000007826.1   67.47%    passed     97.06%
 334  ENSGGOP00000010068.2   67.27%    passed     87.11%
 335  ENSGGOP00000042838.1   65.27%    passed     50.51%
 336  ENSBBBP00000020623.1   69.06%    passed     70.93%
 337  ENSMUSP00000097397.2   69.06%    passed     99.48%
 338  ENSMUSP00000146100.3   68.76%    passed     54.79%
 339  ENSBBBP00000002264.1   70.56%    passed     32.68%
 340  ENSBBBP00000026628.1   69.46%    passed     58.90%
 341  ENSMUSP00000153893.2   67.47%    passed     80.82%
 342  ENSXETP00000117580.1   69.66%    passed     93.42%
 343  ENSMUSP00000031086.5   68.66%    passed     98.41%
 344  ENSXETP00000050457.4   65.97%    passed     95.82%
 345  ENSGGOP00000008383.2   68.76%    passed     27.52%
 346  ENSBBBP00000010796.1   68.86%    passed     95.95%
 347  ENSMUSP00000053611.2   68.96%    passed     92.36%
 348  ENSBBBP00000003609.1   68.06%    passed     66.65%
 349  ENSXETP00000060240.3   69.06%    passed     96.14%
 350  ENSMUSP00000072231.3   69.06%    passed     92.64%
 351  ENSMUSP00000097499.2   69.16%    passed     54.43%
 352  ENSXETP00000060199.3   68.66%    passed     32.79%
 353  ENSBBBP00000022928.1   68.96%    passed     86.22%
 354  ENSMUSP00000097248.2   69.26%    passed     99.40%
 355  ENSMUSP00000139574.3   69.46%    passed     76.27%
 356  ENSBBBP00000012798.1   68.16%    passed     86.68%
 357  ENSMUSP00000078800.4   68.26%    passed     90.47%
 358  ENSGALP00010039473.1   68.96%    passed     61.71%
 359  ENSMUSP00000097373.2   68.96%    passed     99.76%
 360  ENSXETP00000104972.1   67.96%    passed     51.63%
 361  ENSGGOP00000036460.1   68.86%    passed     67.69%
 362  ENSBBBP00000018042.1   67.66%    passed     93.42%
 363  ENSXETP00000054123.3   66.77%    passed     73.14%
 364  ENSMUSP00000079451.3   68.66%    passed     85.15%
 365  ENSMUSP00000075768.2   68.16%    passed     86.90%
 366  ENSXETP00000108776.1   69.56%    passed     38.99%
 367  ENSBBBP00000026291.1   68.36%    passed     98.25%
 368  ENSBBBP00000013091.1   68.86%    passed     83.55%
 369  ENSMUSP00000051027.3   68.76%    passed     77.70%
 370  ENSMUSP00000129414.2   69.56%    passed     92.83%
 371  ENSXETP00000110140.1   69.06%    passed     42.39%
 372  ENSMUSP00000145864.2   67.96%    passed     25.68%
 373  ENSMUSP00000097374.2   68.76%    passed     93.68%
 374  ENSMUSP00000051239.6   69.16%    passed     58.26%
 375  ENSBBBP00000008393.1   66.87%    passed     79.26%
 376  ENSGALP00010032566.1   67.66%    passed     88.47%
 377  ENSBBBP00000023860.1   68.76%    passed     20.60%
 378  ENSXETP00000062580.3   66.77%    passed     36.41%
 379  ENSBBBP00000005604.1   68.46%    passed     93.90%
 380  ENSMUSP00000097484.2   68.06%    passed     77.87%
 381  ENSBBBP00000008945.1   69.86%    passed     58.76%
 382  ENSBBBP00000015564.1   68.66%    passed     87.68%
 383  ENSXETP00000093419.2   69.76%    passed     49.82%
 384  ENSMUSP00000061929.3   69.26%    passed     86.41%
 385  ENSMUSP00000074514.8   68.36%    passed     55.58%
 386  ENSXETP00000111822.1   67.66%    passed     95.02%
 387  ENSXETP00000105078.1   70.56%    passed     99.80%
 388  ENSMUSP00000107132.2   69.46%    passed     98.96%
 389  ENSMUSP00000074299.3   68.86%    passed     91.24%
 390  ENSMUSP00000097453.2   68.86%    passed     85.82%
 391  ENSXETP00000086711.2   67.66%    passed     12.57%
 392  ENSMUSP00000139920.2   67.76%    passed     98.26%
 393  ENSMUSP00000056713.6   68.86%    passed     55.56%
 394  ENSMUSP00000078176.3   68.96%    passed     92.12%
 395  ENSMUSP00000046509.6   68.46%    passed     59.20%
 396  ENSMUSP00000132724.2   68.66%    passed     30.38%
 397  ENSMUSP00000151360.2   68.06%    passed     81.01%
 398  ENSGGOP00000033473.1   67.86%    passed     84.95%
 399  ENSMUSP00000049790.4   68.06%    passed     64.34%
 400  ENSGGOP00000048612.1   68.66%    passed     81.58%
 401  ENSBBBP00000003075.1   69.46%    passed     70.55%
 402  ENSBBBP00000009175.1   69.06%    passed     87.87%
 403  ENSXETP00000118847.1   68.56%    passed     57.13%
 404  ENSGGOP00000006419.2   69.26%    passed     89.26%
 405  ENSMUSP00000088202.3   68.86%    passed     98.46%
 406  ENSMUSP00000061674.2   68.56%    passed     89.78%
 407  ENSMUSP00000097353.2   68.26%    passed     99.29%
 408  ENSXETP00000116904.1   64.17%    failed      0.12%
 409  ENSXETP00000077541.2   69.36%    passed     99.81%
 410  ENSBBBP00000028610.1   66.77%    passed     88.92%
 411  ENSBBBP00000018510.1   69.06%    passed     99.68%
 412  ENSMUSP00000071488.2   68.46%    passed     86.39%
 413  ENSMUSP00000072563.3   69.16%    passed     97.65%
 414  ENSXETP00000059360.2   67.17%    passed     98.27%
 415  ENSBBBP00000023508.1   69.06%    passed     90.34%
 416  ENSMUSP00000154601.2   67.66%    passed     90.29%
 417  ENSXETP00000066643.2   68.96%    passed     75.56%
 418  ENSMUSP00000066500.6   68.86%    passed      8.54%
 419  ENSGALP00010043106.1   65.77%    passed     52.25%
 420  ENSXETP00000088439.2   68.96%    passed     99.22%
 421  ENSGGOP00000023294.1   67.96%    passed     40.57%
 422  ENSBBBP00000002358.1   68.86%    passed     98.28%
 423  ENSMUSP00000136008.2   65.67%    passed     94.65%
 424  ENSXETP00000113147.1   66.07%    passed     26.53%
 425  ENSMUSP00000069927.4   69.26%    passed     28.98%
 426  ENSGGOP00000018733.2   65.77%    passed     83.99%
 427  ENSMUSP00000052678.6   68.36%    passed     27.72%
 428  ENSBBBP00000018038.1   67.56%    passed     81.10%
 429  ENSMUSP00000094186.2   68.16%    passed     55.65%
 430  ENSTGUP00000037840.1   65.67%    passed     90.78%
 431  ENSMUSP00000085126.2   68.66%    passed     94.79%
 432  ENSMUSP00000077830.3   68.86%    passed     66.24%
 433  ENSBBBP00000018336.1   67.17%    passed     47.36%
 434  ENSMUSP00000054864.3   68.86%    passed     43.26%
 435  ENSMUSP00000153754.2   68.06%    passed     39.03%
 436  ENSXETP00000108395.1   68.96%    passed     15.73%
 437  ENSBBBP00000002533.1   67.17%    passed      6.61%
 438  ENSBBBP00000009981.1   68.16%    passed     29.46%
 439  ENSGGOP00000009042.2   69.16%    passed     93.08%
 440  ENSXETP00000107237.1   63.77%    passed     85.82%
 441  ENSBBBP00000016764.1   70.76%    passed     98.97%
 442  ENSMUSP00000054824.3   68.16%    passed     19.98%
 443  ENSBBBP00000013972.1   67.76%    passed     98.30%
 444  ENSXETP00000058431.2   69.36%    passed     70.08%
 445  ENSBBBP00000004467.1   67.96%    passed     89.40%
 446  ENSBBBP00000012971.1   69.06%    passed     96.72%
 447  ENSBBBP00000011304.1   68.96%    passed     28.70%
 448  ENSMUSP00000085163.3   65.77%    passed     76.44%
 449  ENSBBBP00000001770.1   66.97%    passed     37.81%
 450  ENSMUSP00000153499.2   67.47%    passed     89.96%
 451  ENSXETP00000020342.5   66.67%    passed     31.41%
 452  ENSMUSP00000075066.2   67.76%    passed     97.38%
 453  ENSTGUP00000016342.2   68.56%    failed      0.01%
 454  ENSMUSP00000065196.3   69.06%    passed     86.65%
 455  ENSBBBP00000014883.1   68.66%    passed     92.65%
 456  ENSMUSP00000078672.3   68.16%    passed     99.54%
 457  ENSBBBP00000027615.1   68.56%    passed     62.61%
 458  ENSXETP00000114794.1   69.26%    passed     92.67%
 459  ENSXETP00000104061.1   69.06%    passed     87.00%
 460  ENSMUSP00000056457.6   66.77%    passed     16.23%
 461  ENSXETP00000106711.1   68.46%    passed      8.54%
 462  ENSXETP00000100609.2   69.36%    passed     39.77%
 463  ENSXETP00000116877.1   59.78%    passed     70.42%
 464  ENSBBBP00000011294.1   67.76%    passed     94.64%
 465  ENSMUSP00000050705.2   67.47%    passed     86.50%
 466  ENSXETP00000045918.4   69.36%    passed     97.41%
 467  ENSMUSP00000089619.2   68.86%    passed     35.47%
 468  ENSXETP00000113868.1   65.87%    passed     27.61%
 469  ENSGGOP00000002466.2   69.66%    passed     99.35%
 470  ENSMUSP00000083665.5   67.76%    passed     71.53%
 471  ENSMUSP00000097419.2   68.46%    passed     93.99%
 472  ENSXETP00000109784.1   68.56%    passed     29.81%
 473  ENSMUSP00000089622.3   68.86%    passed     16.25%
 474  ENSBBBP00000006564.1   68.46%    passed     99.82%
 475  ENSMUSP00000097423.3   68.46%    passed     53.56%
 476  ENSXETP00000083691.2   66.47%    passed     79.48%
 477  ENSXETP00000036017.5   68.36%    passed     77.44%
 478  ENSGGOP00000020495.1   67.66%    passed     95.56%
 479  ENSXETP00000053311.3   68.56%    passed     80.83%
 480  ENSMUSP00000056639.6   68.36%    failed      0.25%
 481  ENSMUSP00000154094.2   67.86%    passed     68.46%
 482  ENSBBBP00000016726.1   67.76%    passed      9.85%
 483  ENSXETP00000089187.2   68.16%    passed     27.08%
 484  ENSMUSP00000056631.6   67.37%    passed     29.04%
 485  ENSMUSP00000062700.4   68.86%    passed     91.71%
 486  ENSBBBP00000010586.1   69.46%    failed      4.48%
 487  ENSTGUP00000034745.1   68.16%    passed     36.13%
 488  ENSGGOP00000025414.2   69.06%    passed     92.61%
 489  ENSMUSP00000095746.2   68.16%    passed     81.85%
 490  ENSXETP00000054116.3   68.26%    passed     99.75%
 491  ENSBBBP00000008537.1   68.66%    passed     92.71%
 492  ENSBBBP00000008529.1   68.76%    failed      3.04%
 493  ENSMUSP00000100514.2   68.86%    passed     29.56%
 494  ENSMUSP00000059548.2   68.66%    failed      0.09%
 495  ENSGGOP00000013955.2   67.76%    passed     38.36%
 496  ENSMUSP00000058679.2   68.96%    passed     94.82%
 497  ENSXETP00000036001.4   69.36%    passed     81.17%
 498  ENSMUSP00000153483.2   69.26%    passed     44.02%
 499  ENSBBBP00000013833.1   67.66%    passed     53.68%
 500  ENSBBBP00000007894.1   68.96%    passed     59.34%
 501  ENSMUSP00000071667.3   68.06%    passed     97.27%
 502  ENSXETP00000056828.4   68.06%    passed     68.97%
 503  ENSBBBP00000027597.1   64.37%    passed     46.51%
 504  ENSXETP00000110852.1   69.26%    passed     32.85%
 505  ENSMUSP00000052610.4   68.96%    passed     75.49%
 506  ENSBBBP00000002369.1   68.36%    passed     99.20%
 507  ENSMUSP00000148302.4   69.16%    passed     36.12%
 508  ENSXETP00000099130.2   68.26%    passed     81.44%
 509  ENSMUSP00000076315.3   68.46%    passed     67.30%
 510  ENSBBBP00000015036.1   67.76%    passed     94.40%
 511  ENSBBBP00000025910.1   70.86%    passed     60.77%
 512  ENSGGOP00000000192.3   67.76%    passed     88.40%
 513  ENSXETP00000113318.1   67.47%    passed     37.06%
 514  ENSXETP00000094209.2   69.16%    passed     24.52%
 515  ENSMUSP00000060325.2   68.26%    passed     21.23%
 516  ENSXETP00000118681.1   69.56%    passed     10.75%
 517  ENSMUSP00000151186.2   67.96%    passed     97.66%
 518  ENSXETP00000086131.1   68.86%    passed     21.98%
 519  ENSBBBP00000016250.1   66.27%    passed     72.45%
 520  ENSXETP00000074209.2   68.56%    passed     75.81%
 521  ENSXETP00000067435.2   68.56%    passed     38.17%
 522  ENSBBBP00000026712.1   68.36%    passed     82.56%
 523  ENSMUSP00000052441.3   68.56%    passed     93.77%
 524  ENSXETP00000076138.2   68.36%    passed     18.90%
 525  ENSMUSP00000097399.2   66.47%    passed     90.67%
 526  ENSXETP00000109256.1   66.87%    passed     72.75%
 527  ENSGGOP00000015248.2   66.97%    passed     89.91%
 528  ENSBBBP00000022680.1   67.96%    passed     83.67%
 529  ENSGGOP00000031602.1   73.05%    passed     64.51%
 530  ENSMUSP00000049924.3   68.96%    passed     38.76%
 531  ENSXETP00000106496.1   68.96%    passed     37.06%
 532  ENSGGOP00000002970.3   64.17%    passed     16.68%
 533  ENSGALP00010002720.1   68.06%    passed     38.52%
 534  ENSXETP00000102993.1   68.86%    passed     24.11%
 535  ENSBBBP00000009201.1   68.96%    passed     40.06%
 536  ENSBBBP00000008310.1   70.06%    passed     14.58%
 537  ENSXETP00000088788.1   68.56%    passed     50.07%
 538  ENSXETP00000045515.5   68.46%    passed     39.14%
 539  ENSMUSP00000097398.3   69.26%    passed     92.45%
 540  ENSMUSP00000097413.2   69.36%    passed     96.30%
 541  ENSXETP00000059833.3   70.06%    passed     25.16%
 542  ENSMUSP00000097422.3   67.47%    passed     67.48%
 543  ENSXETP00000112547.1   67.07%    passed     72.34%
 544  ENSMUSP00000097412.3   69.16%    passed     95.22%
 545  ENSXETP00000066771.2   66.87%    passed     56.87%
 546  ENSBBBP00000008400.1   68.26%    passed     87.95%
 547  ENSXETP00000060442.3   69.06%    passed     56.75%
 548  ENSXETP00000113022.1   58.68%    passed     24.12%
 549  ENSMUSP00000071126.3   68.96%    passed     16.54%
 550  ENSGGOP00000024741.1   68.96%    passed     99.08%
 551  ENSXETP00000107255.1   69.36%    passed     66.88%
 552  ENSBBBP00000023252.1   68.26%    passed     56.56%
 553  ENSGGOP00000019808.2   68.86%    passed     65.22%
 554  ENSBBBP00000013904.1   68.86%    passed     93.21%
 555  ENSBBBP00000007305.1   68.26%    failed      1.35%
 556  ENSXETP00000116661.1   68.66%    passed     95.18%
 557  ENSXETP00000105630.1   67.27%    passed     90.49%
 558  ENSXETP00000119004.1   69.26%    passed     83.38%
 559  ENSMUSP00000146426.3   68.06%    passed     84.45%
 560  ENSXETP00000106042.1   67.76%    passed     63.03%
 561  ENSMUSP00000154277.2   68.16%    passed     60.24%
 562  ENSMUSP00000075164.3   67.37%    passed     32.53%
 563  ENSXETP00000102428.1   65.07%    passed     56.79%
 564  ENSXETP00000104718.1   68.66%    passed     95.78%
 565  ENSBBBP00000006557.1   68.76%    passed     72.86%
 566  ENSXETP00000095536.2   68.96%    passed     83.84%
 567  ENSXETP00000036019.4   69.36%    passed     48.62%
 568  ENSXETP00000108803.1   67.96%    passed     82.33%
 569  ENSXETP00000101962.1   66.97%    passed     53.41%
 570  ENSBBBP00000011643.1   67.96%    passed     81.52%
 571  ENSBBBP00000018273.1   67.07%    passed     57.44%
 572  ENSXETP00000105974.1   68.86%    passed      6.22%
 573  ENSMUSP00000080193.2   66.47%    passed     82.98%
 574  ENSMUSP00000097203.2   68.86%    passed     88.03%
 575  ENSBBBP00000028387.1   69.16%    passed     79.74%
 576  ENSXETP00000116782.1   68.76%    passed      5.86%
 577  ENSXETP00000018309.5   68.26%    passed     25.54%
 578  ENSGGOP00000007413.2   65.77%    passed     95.37%
 579  ENSBBBP00000019884.1   67.76%    passed     22.72%
 580  ENSGGOP00000038244.1   68.66%    passed     58.02%
 581  ENSXETP00000020445.4   68.96%    passed     71.88%
 582  ENSXETP00000073669.2   68.66%    passed     68.99%
 583  ENSMUSP00000092917.2   67.76%    passed     78.46%
 584  ENSXETP00000116350.1   68.36%    passed     88.00%
 585  ENSXETP00000092761.1   67.66%    passed     54.29%
 586  ENSXETP00000088621.2   66.27%    passed     81.28%
 587  ENSXETP00000114751.1   68.76%    passed     97.31%
 588  ENSMUSP00000061693.6   69.06%    passed      5.19%
 589  ENSMUSP00000146183.2   68.56%    passed     94.89%
 590  ENSXETP00000055276.4   65.17%    passed     87.07%
 591  ENSMUSP00000079644.4   68.56%    passed     63.36%
 592  ENSXETP00000065106.2   69.56%    passed     84.51%
 593  ENSMUSP00000056772.5   68.66%    failed      2.26%
 594  ENSMUSP00000053353.3   68.56%    passed     62.31%
 595  ENSXETP00000070108.1   67.76%    passed     42.13%
 596  ENSMUSP00000055232.6   61.48%    failed      0.00%
 597  ENSMUSP00000055451.2   68.46%    passed     17.34%
 598  ENSMUSP00000052730.6   68.06%    passed     87.52%
 599  ENSGGOP00000009779.3   68.66%    passed     66.59%
 600  ENSXETP00000092786.1   68.06%    passed     88.15%
 601  ENSGALP00010001497.1   64.27%    passed     21.17%
 602  ENSXETP00000096471.1   67.37%    passed     88.38%
 603  ENSBBBP00000021529.1   67.56%    passed     28.70%
 604  ENSGALP00010001566.1   63.87%    failed      0.53%
 605  ENSXETP00000054023.4   66.87%    passed     68.81%
 606  ENSMUSP00000052425.5   69.06%    passed     76.21%
 607  ENSXETP00000107260.1   67.37%    passed     95.73%
 608  ENSGALP00010039450.1   69.06%    passed     96.95%
 609  ENSXETP00000116610.1   68.36%    passed     49.38%
 610  ENSBBBP00000027186.1   68.36%    failed      3.87%
 611  ENSXETP00000109278.1   68.96%    passed     51.49%
 612  ENSXETP00000090883.2   67.96%    passed     39.14%
 613  ENSBBBP00000007792.1   69.66%    passed     85.72%
 614  ENSXETP00000111962.1   68.66%    passed     23.69%
 615  ENSGGOP00000044980.1   71.26%    passed     95.30%
 616  ENSXETP00000116559.1   70.26%    passed     97.87%
 617  ENSXETP00000060184.3   68.16%    passed      7.47%
 618  ENSMUSP00000077662.2   66.57%    passed     85.59%
 619  ENSGGOP00000024549.1   67.56%    passed     54.20%
 620  ENSXETP00000073551.2   68.66%    passed     16.37%
 621  ENSGGOP00000047453.1   69.06%    passed     93.72%
 622  ENSXETP00000107443.1   67.56%    passed     88.12%
 623  ENSXETP00000103856.1   68.46%    passed     68.92%
 624  ENSXETP00000110273.1   69.36%    passed     22.20%
 625  ENSMUSP00000130328.2   67.96%    failed      0.00%
 626  ENSXETP00000091262.1   69.56%    passed      9.62%
 627  ENSTGUP00000013639.2   66.37%    failed      0.00%
 628  ENSMUSP00000097433.2   68.96%    passed     29.49%
 629  ENSMUSP00000100485.2   68.86%    passed     73.60%
 630  ENSBBBP00000011653.1   71.66%    passed     97.76%
 631  ENSGALP00010004584.1   67.76%    passed     43.34%
 632  ENSBBBP00000013671.1   68.96%    passed     86.30%
 633  ENSXETP00000110315.1   70.76%    passed     81.89%
 634  ENSGALP00010009766.1   69.26%    failed      0.00%
 635  ENSXETP00000099375.2   70.06%    passed     54.21%
 636  ENSXETP00000076890.2   69.66%    passed     89.64%
 637  ENSMUSP00000153793.2   65.67%    failed      0.00%
 638  ENSXETP00000087434.1   68.46%    passed     88.29%
 639  ENSBBBP00000014906.1   65.47%    passed     58.76%
 640  ENSXETP00000113572.1   67.76%    passed     95.46%
 641  ENSXETP00000103410.1   68.16%    passed     68.60%
 642  ENSBBBP00000017276.1   68.26%    passed     96.50%
 643  ENSMUSP00000130187.2   68.36%    failed      0.00%
 644  ENSXETP00000059888.3   69.76%    passed     38.73%
 645  ENSXETP00000119026.1   69.16%    passed     28.19%
 646  ENSBBBP00000016794.1   69.16%    passed     47.54%
 647  ENSMUSP00000145601.2   69.36%    passed     43.06%
 648  ENSXETP00000116498.1   69.16%    passed     82.35%
 649  ENSBBBP00000021134.1   69.36%    passed     82.49%
 650  ENSXETP00000105317.1   69.66%    passed     46.33%
 651  ENSXETP00000094216.1   68.66%    passed     58.62%
 652  ENSBBBP00000027949.1   69.06%    passed     85.41%
 653  ENSXETP00000102759.1   71.66%    passed     85.56%
 654  ENSXETP00000070744.2   68.86%    passed     77.92%
 655  ENSGALP00010002252.1   65.17%    failed      2.64%
 656  ENSXETP00000055273.4   65.57%    passed     71.87%
 657  ENSXETP00000118165.1   67.56%    passed     83.36%
 658  ENSBBBP00000008522.1   72.16%    passed     59.21%
 659  ENSBBBP00000011737.1   73.35%    passed     21.61%
 660  ENSXETP00000108012.1   72.16%    passed     87.77%
 661  ENSGALP00010001987.1   61.28%    failed      0.00%
 662  ENSBBBP00000008516.1   71.96%    passed     50.05%
 663  ENSXETP00000108855.1   65.47%    passed     79.48%
 664  ENSGALP00010000085.1   64.37%    failed      0.62%
 665  ENSBBBP00000008633.1   75.95%    passed     73.76%
 666  ENSBBBP00000014802.1   67.76%    passed     18.21%
 667  ENSBBBP00000009580.1   68.86%    passed     85.87%
 668  ENSTGUP00000015220.2   67.56%    passed     65.30%
 669  ENSGGOP00000031786.1   71.06%    passed     30.78%
 670  ENSBBBP00000018263.1   70.96%    passed     93.46%
 671  ENSGGOP00000049724.1   74.65%    passed     96.30%
 672  ENSGGOP00000049524.1   70.86%    passed     97.64%
 673  ENSGALP00010000220.1   67.86%    failed      2.20%
 674  ENSBBBP00000018025.1   71.06%    passed     99.99%
 675  ENSGGOP00000040839.1   73.15%    passed     55.77%
 676  ENSXETP00000104963.1   69.46%    passed     30.38%
 677  ENSGALP00010002807.1   62.18%    failed      2.09%
 678  ENSXETP00000098001.2   72.06%    passed     75.30%
 679  ENSXETP00000111553.1   74.05%    passed     80.81%
 680  ENSGGOP00000039581.1   72.95%    passed     62.95%
 681  ENSGGOP00000045609.1   70.66%    passed     87.84%
 682  ENSBBBP00000019804.1   73.05%    failed      4.11%
 683  ENSBBBP00000023616.1   74.15%    passed     64.10%
 684  ENSXETP00000114886.1   77.05%    passed     88.93%
 685  ENSBBBP00000018202.1   71.26%    passed     98.19%
 686  ENSGGOP00000030647.1   71.96%    failed      2.54%
 687  ENSBBBP00000009558.1   71.66%    passed     95.47%
 688  ENSXETP00000109167.1   74.15%    passed     85.62%
 689  ENSGALP00010002327.1   70.26%    failed      2.77%
 690  ENSXETP00000113737.1   74.65%    passed     52.90%
 691  ENSBBBP00000025331.1   75.55%    passed     10.43%
 692  ENSXETP00000053299.4   74.65%    passed     52.89%
 693  ENSBBBP00000007805.1   71.16%    passed     15.25%
 694  ENSBBBP00000008591.1   67.17%    passed     37.13%
 695  ENSGALP00010004895.1   67.96%    passed     30.03%
 696  ENSBBBP00000020266.1   72.06%    passed     24.31%
 697  ENSTGUP00000027646.1   67.66%    passed      6.19%
 698  ENSBBBP00000026869.1   66.47%    passed     37.79%
 699  ENSGGOP00000024159.2   73.25%    passed     44.09%
 700  ENSBBBP00000013426.1   68.46%    passed     20.09%
 701  ENSGGOP00000044923.1   72.06%    passed     74.93%
 702  ENSXETP00000119296.1   72.06%    passed     22.94%
 703  ENSBBBP00000024622.1   66.57%    failed      1.92%
 704  ENSMUSP00000095776.3   68.36%    passed     13.56%
 705  ENSMUSP00000095827.3   68.56%    failed      3.97%
 706  ENSBBBP00000025270.1   80.64%    passed     74.86%
 707  ENSBBBP00000020910.1   67.86%    failed      2.43%
 708  ENSMUSP00000076633.2   68.66%    passed     60.62%
 709  ENSMUSP00000095829.2   68.46%    passed     37.99%
 710  ENSMUSP00000153755.2   67.76%    passed     22.11%
 711  ENSBBBP00000027575.1   67.17%    passed     47.13%
 712  ENSGGOP00000002015.2   68.26%    failed      0.43%
 713  ENSBBBP00000028219.1   68.06%    passed     39.23%
 714  ENSXETP00000001042.5   68.36%    passed     96.49%
 715  ENSBBBP00000026867.1   66.57%    passed     57.47%
 716  ENSBBBP00000007836.1   67.96%    passed     96.03%
 717  ENSBBBP00000026803.1   67.27%    passed     84.80%
 718  ENSMUSP00000062821.4   68.56%    passed     70.56%
 719  ENSMUSP00000100470.2   67.47%    passed     54.47%
 720  ENSBBBP00000016737.1   68.06%    passed     58.52%
 721  ENSGGOP00000032122.1   71.16%    passed     70.18%
 722  ENSMUSP00000095774.3   67.17%    passed     40.29%
 723  ENSGALP00010004682.1   68.56%    passed     81.90%
 724  ENSBBBP00000004384.1   66.67%    failed      0.16%
 725  ENSBBBP00000011536.1   67.17%    passed     99.07%
 726  ENSBBBP00000011510.1   67.96%    passed     67.57%
 727  ENSMUSP00000095797.3   67.96%    passed     35.71%
 728  ENSXETP00000113655.1   67.27%    passed     73.09%
 729  ENSXETP00000102777.1   67.17%    passed     37.70%
 730  ENSGALP00010004852.1   65.27%    failed      1.78%
 731  ENSMUSP00000095758.3   67.96%    passed     61.06%
 732  ENSMUSP00000154348.2   67.37%    passed     97.70%
 733  ENSMUSP00000095785.2   68.86%    passed     22.14%
 734  ENSBBBP00000016253.1   68.66%    passed     99.02%
 735  ENSXETP00000056884.3   68.36%    passed     56.41%
 736  ENSMUSP00000095825.2   67.47%    passed     64.67%
 737  ENSBBBP00000008603.1   68.36%    passed     81.46%
 738  ENSBBBP00000006690.1   68.66%    passed     73.43%
 739  ENSMUSP00000049601.3   68.36%    passed     21.05%
 740  ENSGALP00010004697.1   68.16%    passed     14.06%
 741  ENSGGOP00000040251.1   77.45%    failed      0.80%
 742  ENSBBBP00000014595.1   67.27%    passed     89.18%
 743  ENSMUSP00000095775.3   65.97%    passed     59.00%
 744  ENSMUSP00000095823.2   68.56%    passed     88.09%
 745  ENSBBBP00000015385.1   68.66%    failed      2.64%
 746  ENSBBBP00000026555.1   68.26%    passed     94.89%
 747  ENSXETP00000066505.2   66.57%    passed      6.40%
 748  ENSMUSP00000078119.2   68.96%    passed     80.10%
 749  ENSBBBP00000025400.1   67.07%    passed     57.70%
 750  ENSXETP00000110241.1   67.27%    passed     25.00%
 751  ENSBBBP00000023396.1   68.16%    passed     97.49%
 752  ENSBBBP00000028224.1   68.66%    passed     20.63%
 753  ENSMUSP00000075025.2   68.26%    passed     86.36%
 754  ENSGALP00010004589.1   68.06%    failed      4.28%
 755  ENSBBBP00000019822.1   66.17%    passed     14.09%
 756  ENSMUSP00000129376.2   68.46%    passed     80.65%
 757  ENSGGOP00000004936.3   65.07%    failed      3.73%
 758  ENSXETP00000056101.3   69.16%    passed     93.15%
 759  ENSBBBP00000012532.1   67.47%    passed     94.33%
 760  ENSGGOP00000007796.3   68.86%    passed     65.35%
 761  ENSMUSP00000095816.2   68.26%    passed     90.86%
 762  ENSGGOP00000009836.2   63.57%    passed     75.47%
 763  ENSMUSP00000102475.2   68.46%    passed     53.05%
 764  ENSGGOP00000003179.3   67.17%    passed     48.55%
 765  ENSBBBP00000004087.1   71.76%    passed     72.92%
 766  ENSBBBP00000023791.1   68.16%    passed     17.86%
 767  ENSMUSP00000102499.2   68.36%    passed     91.39%
 768  ENSGGOP00000014152.2   65.87%    passed     95.32%
 769  ENSGGOP00000050783.1   68.06%    passed     64.79%
 770  ENSGALP00010004636.1   67.66%    passed     44.21%
 771  ENSBBBP00000026548.1   67.66%    passed     56.16%
 772  ENSMUSP00000077246.3   67.76%    passed     68.95%
 773  ENSGGOP00000009849.3   68.66%    passed     92.38%
 774  ENSBBBP00000011900.1   68.96%    passed     94.46%
 775  ENSGGOP00000051294.1   78.04%    passed     62.18%
 776  ENSMUSP00000095790.2   68.86%    passed     87.38%
 777  ENSMUSP00000148160.3   67.96%    passed     50.38%
 778  ENSXETP00000113142.1   68.66%    passed     55.90%
 779  ENSGGOP00000019995.1   67.96%    passed     73.13%
 780  ENSBBBP00000012237.1   68.56%    passed     45.93%
 781  ENSGGOP00000026707.1   64.67%    passed     96.19%
 782  ENSMUSP00000095800.3   68.76%    passed     53.75%
 783  ENSXETP00000003018.5   67.86%    passed     34.74%
 784  ENSMUSP00000058312.3   68.36%    passed     88.79%
 785  ENSMUSP00000054108.5   69.26%    passed     29.91%
 786  ENSMUSP00000151295.2   67.17%    failed      0.07%
 787  ENSXETP00000105901.1   70.76%    passed      9.36%
 788  ENSXETP00000115436.1   67.86%    passed     77.38%
 789  ENSBBBP00000014700.1   68.06%    passed     65.66%
 790  ENSGALP00010004663.1   68.26%    passed     11.55%
 791  ENSXETP00000114143.1   66.77%    passed     44.46%
 792  ENSXETP00000103907.1   67.76%    failed      0.42%
 793  ENSMUSP00000081872.3   68.36%    passed     86.22%
 794  ENSGGOP00000020049.2   68.46%    passed     42.29%
 795  ENSMUSP00000102501.2   68.36%    passed     70.40%
 796  ENSXETP00000106197.1   78.14%    passed     39.32%
 797  ENSMUSP00000070658.3   68.36%    passed     63.37%
 798  ENSXETP00000085675.2   65.37%    passed     84.29%
 799  ENSXETP00000110866.1   63.17%    passed     96.11%
 800  ENSMUSP00000052577.4   68.56%    passed     27.75%
 801  ENSBBBP00000014611.1   65.77%    passed     72.26%
 802  ENSXETP00000106202.1   62.97%    passed     41.04%
 803  ENSMUSP00000100474.2   68.16%    failed      3.88%
 804  ENSXETP00000105762.1   68.06%    passed     74.76%
 805  ENSMUSP00000154703.2   68.96%    passed     51.71%
 806  ENSGALP00010001483.1   77.05%    passed     76.09%
 807  ENSGGOP00000013032.3   67.96%    passed     36.90%
 808  ENSMUSP00000062385.4   67.86%    failed      0.02%
 809  ENSBBBP00000011647.1   68.06%    passed     13.72%
 810  ENSMUSP00000148130.2   68.76%    passed     60.70%
 811  ENSXETP00000114298.1   79.34%    passed     21.84%
 812  ENSMUSP00000081873.3   68.26%    passed     73.44%
 813  ENSBBBP00000015197.1   68.36%    passed     40.17%
WARNING: 813 sequences contain more than 50% gaps/ambiguity
****  TOTAL                  68.31%  41 sequences failed composition chi2 test (p-value<5%; df=19)


Create initial parsimony tree by phylogenetic likelihood library (PLL)... 0.418 seconds
Measuring multi-threading efficiency up to 8 CPU cores
7 trees examined
Threads: 1 / Time: 8.224 sec / Speedup: 1.000 / Efficiency: 100% / LogL: -475531
Threads: 2 / Time: 5.753 sec / Speedup: 1.429 / Efficiency: 71% / LogL: -475531
Threads: 3 / Time: 4.384 sec / Speedup: 1.876 / Efficiency: 63% / LogL: -475531
Threads: 4 / Time: 3.675 sec / Speedup: 2.238 / Efficiency: 56% / LogL: -475531
Threads: 5 / Time: 4.283 sec / Speedup: 1.920 / Efficiency: 38% / LogL: -475531
BEST NUMBER OF THREADS: 4

Perform fast likelihood tree search using LG+I+G model...
Estimate model parameters (epsilon = 5.000)
Perform nearest neighbor interchange...
Estimate model parameters (epsilon = 1.000)
1. Initial log-likelihood: -359367.604
Optimal log-likelihood: -359366.902
Proportion of invariable sites: 0.001
Gamma shape alpha: 0.989
Parameters optimization took 1 rounds (1.425 sec)
Time for fast ML tree search: 23.359 seconds

NOTE: ModelFinder requires 416 MB RAM!
ModelFinder will test up to 224 protein models (sample size: 1002 epsilon: 0.100) ...
 No. Model         -LnL         df  AIC          AICc         BIC
  1  LG            380387.500   1623 764021.001   6035525.001  771989.530
  2  LG+I          380387.497   1624 764022.995   6042022.995  771996.434
  3  LG+G4         359366.495   1624 721980.990   5999980.990  729954.429
  4  LG+I+G4       359366.559   1625 721983.119   6006483.119  729961.468
  7  LG+F+G4       358142.745   1643 719571.491   6121755.491  727638.216
  8  LG+F+I+G4     358143.267   1644 719574.534   6128334.534  727646.168
 11  WAG+G4        360022.862   1624 723293.723   6001293.723  731267.163
 12  WAG+I+G4      360022.861   1625 723295.721   6007795.721  731274.070
 15  WAG+F+G4      356995.011   1643 717276.021   6119460.021  725342.746
 16  WAG+F+I+G4    356993.330   1644 717274.660   6126034.660  725346.294
 19  JTT+G4        356460.036   1624 716168.071   5994168.071  724141.511
 20  JTT+I+G4      356460.026   1625 716170.052   6000670.052  724148.401
 23  JTT+F+G4      354227.202   1643 711740.405   6113924.405  719807.129
 24  JTT+F+I+G4    353703.358   1644 710694.716   6119454.716  718766.350
WARNING: Normalizing state frequencies so that sum of them equals to 1
 27  Q.pfam+G4     358506.666   1624 720261.332   5998261.332  728234.772
WARNING: Normalizing state frequencies so that sum of them equals to 1
 28  Q.pfam+I+G4   358506.667   1625 720263.334   6004763.334  728241.683
WARNING: Normalizing state frequencies so that sum of them equals to 1
 31  Q.pfam+F+G4   357626.890   1643 718539.779   6120723.779  726606.504
WARNING: Normalizing state frequencies so that sum of them equals to 1
 32  Q.pfam+F+I+G4 357619.831   1644 718527.662   6127287.662  726599.296
WARNING: Normalizing state frequencies so that sum of them equals to 1
 35  Q.bird+G4     356743.187   1624 716734.374   5994734.374  724707.813
WARNING: Normalizing state frequencies so that sum of them equals to 1
 36  Q.bird+I+G4   356743.183   1625 716736.366   6001236.366  724714.715
WARNING: Normalizing state frequencies so that sum of them equals to 1
 39  Q.bird+F+G4   355910.595   1643 715107.190   6117291.190  723173.915
WARNING: Normalizing state frequencies so that sum of them equals to 1
 40  Q.bird+F+I+G4 355910.591   1644 715109.182   6123869.182  723180.817
WARNING: Normalizing state frequencies so that sum of them equals to 1
 43  Q.mammal+G4   355917.245   1624 715082.490   5993082.490  723055.929
WARNING: Normalizing state frequencies so that sum of them equals to 1
 44  Q.mammal+I+G4 355917.236   1625 715084.471   5999584.471  723062.820
WARNING: Normalizing state frequencies so that sum of them equals to 1
 47  Q.mammal+F+G4 355122.599   1643 713531.199   6115715.199  721597.924
WARNING: Normalizing state frequencies so that sum of them equals to 1
 48  Q.mammal+F+I+G4 355121.028   1644 713530.055   6122290.055  721601.690
 51  Q.insect+G4   357710.607   1624 718669.215   5996669.215  726642.654
 52  Q.insect+I+G4 357710.623   1625 718671.246   6003171.246  726649.595
 55  Q.insect+F+G4 356896.514   1643 717079.028   6119263.028  725145.753
 56  Q.insect+F+I+G4 356896.517   1644 717081.033   6125841.033  725152.667
WARNING: Normalizing state frequencies so that sum of them equals to 1
 59  Q.plant+G4    354691.215   1624 712630.429   5990630.429  720603.869
WARNING: Normalizing state frequencies so that sum of them equals to 1
 60  Q.plant+I+G4  354691.215   1625 712632.429   5997132.429  720610.778
WARNING: Normalizing state frequencies so that sum of them equals to 1
 63  Q.plant+F+G4  354937.417   1643 713160.835   6115344.835  721227.559
WARNING: Normalizing state frequencies so that sum of them equals to 1
 64  Q.plant+F+I+G4 354937.393   1644 713162.785   6121922.785  721234.419
WARNING: Normalizing state frequencies so that sum of them equals to 1
 67  Q.yeast+G4    359326.560   1624 721901.119   5999901.119  729874.558
WARNING: Normalizing state frequencies so that sum of them equals to 1
 68  Q.yeast+I+G4  359326.562   1625 721903.124   6006403.124  729881.473
WARNING: Normalizing state frequencies so that sum of them equals to 1
 71  Q.yeast+F+G4  357273.250   1643 717832.499   6120016.499  725899.224
WARNING: Normalizing state frequencies so that sum of them equals to 1
 72  Q.yeast+F+I+G4 357273.255   1644 717834.511   6126594.511  725906.145
 75  JTTDCMut+G4   356642.385   1624 716532.770   5994532.770  724506.210
 76  JTTDCMut+I+G4 356642.384   1625 716534.769   6001034.769  724513.118
 79  JTTDCMut+F+G4 353869.636   1643 711025.273   6113209.273  719091.997
 80  JTTDCMut+F+I+G4 353869.637   1644 711027.274   6119787.274  719098.908
 83  DCMut+G4      364358.162   1624 731964.323   6009964.323  739937.763
 84  DCMut+I+G4    364358.157   1625 731966.315   6016466.315  739944.664
 87  DCMut+F+G4    358782.636   1643 720851.271   6123035.271  728917.996
 88  DCMut+F+I+G4  358782.640   1644 720853.281   6129613.281  728924.915
 91  VT+G4         359847.801   1624 722943.601   6000943.601  730917.041
 92  VT+I+G4       359847.838   1625 722945.677   6007445.677  730924.026
 95  VT+F+G4       356666.058   1643 716618.116   6118802.116  724684.840
 96  VT+F+I+G4     356666.058   1644 716620.116   6125380.116  724691.750
 99  PMB+G4        361746.974   1624 726741.948   6004741.948  734715.388
100  PMB+I+G4      361746.979   1625 726743.958   6011243.958  734722.307
103  PMB+F+G4      360577.371   1643 724440.742   6126624.742  732507.467
104  PMB+F+I+G4    360523.761   1644 724335.521   6133095.521  732407.155
107  Blosum62+G4   362936.902   1624 729121.804   6007121.804  737095.243
108  Blosum62+I+G4 362936.907   1625 729123.813   6013623.813  737102.162
111  Blosum62+F+G4 360766.898   1643 724819.797   6127003.797  732886.521
112  Blosum62+F+I+G4 360766.897   1644 724821.794   6133581.794  732893.428
115  Dayhoff+G4    364427.282   1624 732102.564   6010102.564  740076.003
116  Dayhoff+I+G4  364238.519   1625 731727.038   6016227.038  739705.387
119  Dayhoff+F+G4  358861.538   1643 721009.077   6123193.077  729075.801
120  Dayhoff+F+I+G4 358861.529   1644 721011.058   6129771.058  729082.692
123  mtREV+G4      367687.258   1624 738622.516   6016622.516  746595.955
124  mtREV+I+G4    367687.266   1625 738624.531   6023124.531  746602.880
127  mtREV+F+G4    361707.789   1643 726701.579   6128885.579  734768.303
128  mtREV+F+I+G4  361706.911   1644 726701.823   6135461.823  734773.457
131  mtART+G4      370280.228   1624 743808.457   6021808.457  751781.896
132  mtART+I+G4    370280.222   1625 743810.443   6028310.443  751788.792
135  mtART+F+G4    366912.432   1643 737110.864   6139294.864  745177.588
136  mtART+F+I+G4  366912.433   1644 737112.865   6145872.865  745184.500
139  mtZOA+G4      361813.592   1624 726875.184   6004875.184  734848.624
140  mtZOA+I+G4    361813.584   1625 726877.169   6011377.169  734855.518
143  mtZOA+F+G4    360851.517   1643 724989.035   6127173.035  733055.759
144  mtZOA+F+I+G4  360851.517   1644 724991.034   6133751.034  733062.668
147  mtMet+G4      362285.450   1624 727818.901   6005818.901  735792.340
148  mtMet+I+G4    362285.449   1625 727820.898   6012320.898  735799.247
151  mtMet+F+G4    356990.545   1643 717267.090   6119451.090  725333.814
152  mtMet+F+I+G4  356990.546   1644 717269.092   6126029.092  725340.726
155  mtVer+G4      366017.867   1624 735283.733   6013283.733  743257.173
156  mtVer+I+G4    366017.868   1625 735285.737   6019785.737  743264.086
159  mtVer+F+G4    359974.923   1643 723235.846   6125419.846  731302.570
160  mtVer+F+I+G4  359974.906   1644 723237.811   6131997.811  731309.446
163  mtInv+G4      364462.173   1624 732172.347   6010172.347  740145.786
164  mtInv+I+G4    364462.170   1625 732174.341   6016674.341  740152.690
167  mtInv+F+G4    356009.069   1643 715304.137   6117488.137  723370.862
168  mtInv+F+I+G4  356009.076   1644 715306.152   6124066.152  723377.786
171  mtMAM+G4      373188.076   1624 749624.153   6027624.153  757597.592
172  mtMAM+I+G4    373188.076   1625 749626.153   6034126.153  757604.502
175  mtMAM+F+G4    367345.483   1643 737976.966   6140160.966  746043.690
176  mtMAM+F+I+G4  367345.473   1644 737978.946   6146738.946  746050.580
WARNING: Normalizing state frequencies so that sum of them equals to 1
179  FLAVI+G4      362963.712   1624 729175.423   6007175.423  737148.863
WARNING: Normalizing state frequencies so that sum of them equals to 1
180  FLAVI+I+G4    362963.718   1625 729177.436   6013677.436  737155.785
WARNING: Normalizing state frequencies so that sum of them equals to 1
183  FLAVI+F+G4    362938.974   1643 729163.947   6131347.947  737230.672
WARNING: Normalizing state frequencies so that sum of them equals to 1
184  FLAVI+F+I+G4  362938.974   1644 729165.948   6137925.948  737237.582
187  HIVb+G4       362278.484   1624 727804.969   6005804.969  735778.408
188  HIVb+I+G4     362278.506   1625 727807.012   6012307.012  735785.361
191  HIVb+F+G4     359091.163   1643 721468.327   6123652.327  729535.051
192  HIVb+F+I+G4   359091.169   1644 721470.339   6130230.339  729541.973
195  HIVw+G4       374227.850   1624 751703.701   6029703.701  759677.140
196  HIVw+I+G4     374227.849   1625 751705.699   6036205.699  759684.048
199  HIVw+F+G4     364248.698   1643 731783.397   6133967.397  739850.122
200  HIVw+F+I+G4   364248.696   1644 731785.392   6140545.392  739857.026
203  FLU+G4        363361.120   1624 729970.240   6007970.240  737943.680
204  FLU+I+G4      363361.117   1625 729972.235   6014472.235  737950.584
207  FLU+F+G4      359593.651   1643 722473.303   6124657.303  730540.027
208  FLU+F+I+G4    359593.629   1644 722475.258   6131235.258  730546.892
211  rtREV+G4      366214.831   1624 735677.663   6013677.663  743651.102
212  rtREV+I+G4    366214.823   1625 735679.646   6020179.646  743657.995
215  rtREV+F+G4    362257.170   1643 727800.340   6129984.340  735867.065
216  rtREV+F+I+G4  362257.168   1644 727802.335   6136562.335  735873.970
219  cpREV+G4      359262.169   1624 721772.337   5999772.337  729745.776
220  cpREV+I+G4    359262.171   1625 721774.342   6006274.342  729752.691
223  cpREV+F+G4    357642.898   1643 718571.796   6120755.796  726638.520
224  cpREV+F+I+G4  357642.032   1644 718572.064   6127332.064  726643.699
Akaike Information Criterion:           JTT+F+I+G4
Corrected Akaike Information Criterion: Q.plant+G4
Bayesian Information Criterion:         JTT+F+I+G4
Best-fit model: JTT+F+I+G4 chosen according to BIC

All model information printed to all_orgs_aligned_hits_post_CDHIT.fasta.model.gz
CPU time for ModelFinder: 3018.805 seconds (0h:50m:18s)
Wall-clock time for ModelFinder: 1100.448 seconds (0h:18m:20s)
Generating 1000 samples for ultrafast bootstrap (seed: 78766)...

NOTE: 416 MB RAM (0 GB) is required!
Estimate model parameters (epsilon = 0.100)
Thoroughly optimizing +I+G parameters from 10 start values...
Init pinv, alpha: 0.000, 0.853 / Estimate: 0.000, 0.823 / LogL: -353703.357
Init pinv, alpha: 0.040, 0.853 / Estimate: 0.000, 0.822 / LogL: -353703.395
Init pinv, alpha: 0.080, 0.853 / Estimate: 0.000, 0.822 / LogL: -353703.386
Init pinv, alpha: 0.120, 0.853 / Estimate: 0.000, 0.823 / LogL: -353703.409
Init pinv, alpha: 0.160, 0.853 / Estimate: 0.000, 0.822 / LogL: -353703.419
Init pinv, alpha: 0.200, 0.853 / Estimate: 0.000, 0.822 / LogL: -353703.385
Init pinv, alpha: 0.240, 0.853 / Estimate: 0.000, 0.822 / LogL: -353703.392
Init pinv, alpha: 0.279, 0.853 / Estimate: 0.000, 0.821 / LogL: -353703.398
Init pinv, alpha: 0.319, 0.853 / Estimate: 0.000, 0.821 / LogL: -353703.406
Init pinv, alpha: 0.359, 0.853 / Estimate: 0.000, 0.821 / LogL: -353703.376
Optimal pinv,alpha: 0.000, 0.823 / LogL: -353703.357

Parameters optimization took 139.060 sec
Wrote distance file to... 
Computing ML distances based on estimated model parameters...
Calculating distance matrix: done in 59.7226 secs using 370.2% CPU
Computing ML distances took 59.725947 sec (of wall-clock time) 221.070566 sec (of CPU time)
Setting up auxiliary I and S matrices: done in 0.00763416 secs using 159.7% CPU
Computing RapidNJ tree took 0.095699 sec (of wall-clock time) 0.123856 sec (of CPU time)
Log-likelihood of RapidNJ tree: -355095.700
--------------------------------------------------------------------
|             INITIALIZING CANDIDATE TREE SET                      |
--------------------------------------------------------------------
Generating 98 parsimony trees... 43.831 second
Computing log-likelihood of 98 initial trees ... 57.841 seconds
Current best score: -353703.357

Do NNI search on 20 best initial trees
Estimate model parameters (epsilon = 0.100)
BETTER TREE FOUND at iteration 1: -353475.396
Iteration 10 / LogL: -353828.559 / Time: 0h:26m:41s
Iteration 20 / LogL: -353841.490 / Time: 0h:30m:20s
Finish initializing candidate tree set (20)
Current best tree score: -353475.396 / CPU time: 516.203
Number of iterations: 20
--------------------------------------------------------------------
|               OPTIMIZING CANDIDATE TREE SET                      |
--------------------------------------------------------------------
Estimate model parameters (epsilon = 0.100)
BETTER TREE FOUND at iteration 21: -353406.239
Estimate model parameters (epsilon = 0.100)
BETTER TREE FOUND at iteration 24: -353397.428
Estimate model parameters (epsilon = 0.100)
BETTER TREE FOUND at iteration 26: -353276.710
Iteration 30 / LogL: -353316.024 / Time: 0h:32m:46s (0h:47m:46s left)
Estimate model parameters (epsilon = 0.100)
BETTER TREE FOUND at iteration 35: -353252.372
Estimate model parameters (epsilon = 0.100)
BETTER TREE FOUND at iteration 36: -353151.030
Iteration 40 / LogL: -353160.966 / Time: 0h:35m:13s (0h:41m:32s left)
Estimate model parameters (epsilon = 0.100)
BETTER TREE FOUND at iteration 45: -353137.610
Estimate model parameters (epsilon = 0.100)
BETTER TREE FOUND at iteration 48: -353134.824
Iteration 50 / LogL: -353150.775 / Time: 0h:37m:23s (0h:38m:5s left)
Log-likelihood cutoff on original alignment: -353946.959
Estimate model parameters (epsilon = 0.100)
BETTER TREE FOUND at iteration 53: -353119.539
Estimate model parameters (epsilon = 0.100)
BETTER TREE FOUND at iteration 59: -353105.860
Estimate model parameters (epsilon = 0.100)
BETTER TREE FOUND at iteration 60: -353104.224
Iteration 60 / LogL: -353104.224 / Time: 0h:39m:43s (0h:36m:14s left)
Estimate model parameters (epsilon = 0.100)
BETTER TREE FOUND at iteration 62: -353093.574
Estimate model parameters (epsilon = 0.100)
BETTER TREE FOUND at iteration 63: -353058.815
Estimate model parameters (epsilon = 0.100)
BETTER TREE FOUND at iteration 64: -353052.257
Estimate model parameters (epsilon = 0.100)
BETTER TREE FOUND at iteration 65: -352992.664
Iteration 70 / LogL: -353009.106 / Time: 0h:44m:26s (0h:35m:56s left)
Estimate model parameters (epsilon = 0.100)
BETTER TREE FOUND at iteration 78: -352975.444
Iteration 80 / LogL: -353016.897 / Time: 0h:46m:34s (0h:35m:1s left)
Iteration 90 / LogL: -353006.144 / Time: 0h:54m:50s (0h:36m:5s left)
Estimate model parameters (epsilon = 0.100)
BETTER TREE FOUND at iteration 97: -352961.443
Iteration 100 / LogL: -353031.241 / Time: 1h:8m:4s (0h:48m:44s left)
Log-likelihood cutoff on original alignment: -353835.043
NOTE: Bootstrap correlation coefficient of split occurrence frequencies: 0.870
NOTE: UFBoot does not converge, continue at least 100 more iterations
Iteration 110 / LogL: -352995.537 / Time: 1h:21m:14s (0h:51m:55s left)
Iteration 120 / LogL: -352990.194 / Time: 1h:28m:58s (0h:47m:29s left)
Estimate model parameters (epsilon = 0.100)
BETTER TREE FOUND at iteration 123: -352957.457
Iteration 130 / LogL: -353024.273 / Time: 1h:43m:3s (1h:1m:4s left)
Iteration 140 / LogL: -353075.631 / Time: 1h:48m:55s (0h:54m:5s left)
Iteration 150 / LogL: -352985.849 / Time: 2h:1m:41s (0h:50m:37s left)
Log-likelihood cutoff on original alignment: -353835.043
Estimate model parameters (epsilon = 0.100)
BETTER TREE FOUND at iteration 151: -352954.365
Estimate model parameters (epsilon = 0.100)
BETTER TREE FOUND at iteration 153: -352944.538
Estimate model parameters (epsilon = 0.100)
BETTER TREE FOUND at iteration 159: -352933.109
Iteration 160 / LogL: -352995.579 / Time: 2h:3m:59s (1h:5m:47s left)
Iteration 170 / LogL: -352993.116 / Time: 2h:6m:6s (0h:56m:45s left)
Iteration 180 / LogL: -352993.311 / Time: 2h:13m:20s (0h:50m:45s left)
Iteration 190 / LogL: -352956.472 / Time: 2h:28m:3s (0h:47m:21s left)
Iteration 200 / LogL: -352964.663 / Time: 2h:35m:41s (0h:40m:43s left)
Log-likelihood cutoff on original alignment: -353835.043
NOTE: Bootstrap correlation coefficient of split occurrence frequencies: 0.975
NOTE: UFBoot does not converge, continue at least 100 more iterations
Estimate model parameters (epsilon = 0.100)
BETTER TREE FOUND at iteration 205: -352929.448
Iteration 210 / LogL: -352931.513 / Time: 3h:19m:37s (1h:22m:23s left)
Estimate model parameters (epsilon = 0.100)
BETTER TREE FOUND at iteration 213: -352926.400
Iteration 220 / LogL: -352929.059 / Time: 3h:42m:43s (1h:26m:47s left)
Estimate model parameters (epsilon = 0.100)
BETTER TREE FOUND at iteration 221: -352914.415
Iteration 230 / LogL: -352966.650 / Time: 5h:41m:36s (2h:8m:27s left)
Iteration 240 / LogL: -352939.197 / Time: 6h:5m:35s (1h:57m:41s left)
Estimate model parameters (epsilon = 0.100)
BETTER TREE FOUND at iteration 249: -352901.811
Iteration 250 / LogL: -352957.235 / Time: 6h:35m:28s (2h:29m:56s left)
Log-likelihood cutoff on original alignment: -353835.043
Iteration 260 / LogL: -352907.443 / Time: 6h:37m:33s (2h:10m:18s left)
Iteration 270 / LogL: -352918.963 / Time: 6h:39m:38s (1h:51m:58s left)
Iteration 280 / LogL: -352936.372 / Time: 6h:48m:27s (1h:36m:28s left)
Iteration 290 / LogL: -352949.611 / Time: 6h:50m:32s (1h:20m:4s left)
Iteration 300 / LogL: -352936.289 / Time: 6h:52m:34s (1h:4m:36s left)
Log-likelihood cutoff on original alignment: -353835.043
NOTE: Bootstrap correlation coefficient of split occurrence frequencies: 0.963
NOTE: UFBoot does not converge, continue at least 100 more iterations
Iteration 310 / LogL: -352944.947 / Time: 6h:54m:36s (1h:55m:25s left)
Iteration 320 / LogL: -352940.450 / Time: 6h:56m:36s (1h:39m:52s left)
Iteration 330 / LogL: -352933.994 / Time: 6h:58m:38s (1h:25m:10s left)
Estimate model parameters (epsilon = 0.100)
BETTER TREE FOUND at iteration 331: -352897.657
Iteration 340 / LogL: -352941.814 / Time: 7h:0m:39s (1h:47m:59s left)
Iteration 350 / LogL: -352939.841 / Time: 7h:2m:40s (1h:33m:50s left)
Log-likelihood cutoff on original alignment: -353835.043
Iteration 360 / LogL: -352931.812 / Time: 7h:4m:49s (1h:20m:23s left)
Iteration 370 / LogL: -352910.932 / Time: 7h:6m:58s (1h:7m:33s left)
Iteration 380 / LogL: -352967.366 / Time: 7h:9m:7s (0h:55m:16s left)
Iteration 390 / LogL: -352922.285 / Time: 7h:11m:23s (0h:43m:32s left)
Estimate model parameters (epsilon = 0.100)
BETTER TREE FOUND at iteration 396: -352890.977
Iteration 400 / LogL: -352938.972 / Time: 7h:13m:44s (1h:39m:56s left)
Log-likelihood cutoff on original alignment: -353835.043
NOTE: Bootstrap correlation coefficient of split occurrence frequencies: 0.970
NOTE: UFBoot does not converge, continue at least 100 more iterations
Iteration 410 / LogL: -352925.416 / Time: 7h:22m:58s (1h:33m:26s left)
Iteration 420 / LogL: -352951.552 / Time: 7h:35m:36s (1h:23m:29s left)
Iteration 430 / LogL: -352906.299 / Time: 7h:48m:27s (1h:13m:26s left)
Iteration 440 / LogL: -352947.438 / Time: 7h:50m:42s (1h:1m:49s left)
Iteration 450 / LogL: -352913.084 / Time: 8h:3m:14s (0h:51m:46s left)
Log-likelihood cutoff on original alignment: -353835.043
Iteration 460 / LogL: -352923.485 / Time: 8h:6m:38s (0h:40m:48s left)
Iteration 470 / LogL: -352938.214 / Time: 8h:16m:38s (0h:30m:35s left)
Iteration 480 / LogL: -352910.667 / Time: 8h:18m:55s (0h:20m:3s left)
Iteration 490 / LogL: -352913.011 / Time: 8h:21m:17s (0h:9m:52s left)
Iteration 500 / LogL: -352966.074 / Time: 8h:23m:41s (0h:0m:0s left)
Log-likelihood cutoff on original alignment: -353835.043
NOTE: Bootstrap correlation coefficient of split occurrence frequencies: 0.990
TREE SEARCH COMPLETED AFTER 500 ITERATIONS / Time: 8h:23m:42s

--------------------------------------------------------------------
|                    FINALIZING TREE SEARCH                        |
--------------------------------------------------------------------
Performs final model parameters optimization
Estimate model parameters (epsilon = 0.010)
1. Initial log-likelihood: -352890.977
Optimal log-likelihood: -352890.977
Proportion of invariable sites: 0.000
Gamma shape alpha: 0.821
Parameters optimization took 1 rounds (1.536 sec)
BEST SCORE FOUND : -352890.977
Creating bootstrap support values...
Split supports printed to NEXUS file all_orgs_aligned_hits_post_CDHIT.fasta.splits.nex
Total tree length: 606.453

Total number of iterations: 500
CPU time used for tree search: 16799.158 sec (4h:39m:59s)
Wall-clock time used for tree search: 28918.786 sec (8h:1m:58s)
Total CPU time used: 20443.216 sec (5h:40m:43s)
Total wall-clock time used: 30225.708 sec (8h:23m:45s)

Computing bootstrap consensus tree...
Reading input file all_orgs_aligned_hits_post_CDHIT.fasta.splits.nex...
813 taxa and 4210 splits.
Consensus tree written to all_orgs_aligned_hits_post_CDHIT.fasta.contree
Reading input trees file all_orgs_aligned_hits_post_CDHIT.fasta.contree
Log-likelihood of consensus tree: -353512.622

Analysis results written to: 
  IQ-TREE report:                all_orgs_aligned_hits_post_CDHIT.fasta.iqtree
  Maximum-likelihood tree:       all_orgs_aligned_hits_post_CDHIT.fasta.treefile
  Likelihood distances:          all_orgs_aligned_hits_post_CDHIT.fasta.mldist

Ultrafast bootstrap approximation results written to:
  Split support values:          all_orgs_aligned_hits_post_CDHIT.fasta.splits.nex
  Consensus tree:                all_orgs_aligned_hits_post_CDHIT.fasta.contree
  Screen log file:               all_orgs_aligned_hits_post_CDHIT.fasta.log

Date and Time: Sat Apr 12 00:19:27 2025
